e:\uni\unidocs\year2\oop\assignments & projects\btec-steam\oop - initial prototype\x64\debug\vc142.pdb
e:\uni\unidocs\year2\oop\assignments & projects\btec-steam\oop - initial prototype\x64\debug\vc142.idb
e:\uni\unidocs\year2\oop\assignments & projects\btec-steam\oop - initial prototype\x64\debug\utils.obj
e:\uni\unidocs\year2\oop\assignments & projects\btec-steam\oop - initial prototype\x64\debug\user.obj
e:\uni\unidocs\year2\oop\assignments & projects\btec-steam\oop - initial prototype\x64\debug\storemenu.obj
e:\uni\unidocs\year2\oop\assignments & projects\btec-steam\oop - initial prototype\x64\debug\store.obj
e:\uni\unidocs\year2\oop\assignments & projects\btec-steam\oop - initial prototype\x64\debug\source.obj
e:\uni\unidocs\year2\oop\assignments & projects\btec-steam\oop - initial prototype\x64\debug\profilemenu.obj
e:\uni\unidocs\year2\oop\assignments & projects\btec-steam\oop - initial prototype\x64\debug\player.obj
e:\uni\unidocs\year2\oop\assignments & projects\btec-steam\oop - initial prototype\x64\debug\menu.obj
e:\uni\unidocs\year2\oop\assignments & projects\btec-steam\oop - initial prototype\x64\debug\mainmenu.obj
e:\uni\unidocs\year2\oop\assignments & projects\btec-steam\oop - initial prototype\x64\debug\loginusermenu.obj
e:\uni\unidocs\year2\oop\assignments & projects\btec-steam\oop - initial prototype\x64\debug\libraryitem.obj
e:\uni\unidocs\year2\oop\assignments & projects\btec-steam\oop - initial prototype\x64\debug\game.obj
e:\uni\unidocs\year2\oop\assignments & projects\btec-steam\oop - initial prototype\x64\debug\date.obj
e:\uni\unidocs\year2\oop\assignments & projects\btec-steam\oop - initial prototype\x64\debug\admin.obj
e:\uni\unidocs\year2\oop\assignments & projects\btec-steam\oop - initial prototype\x64\debug\account.obj
e:\uni\unidocs\year2\oop\assignments & projects\btec-steam\oop - initial prototype\x64\debug\application.obj
e:\uni\unidocs\year2\oop\assignments & projects\btec-steam\x64\debug\oop - initial prototype.ilk
e:\uni\unidocs\year2\oop\assignments & projects\btec-steam\x64\debug\oop - initial prototype.exe
e:\uni\unidocs\year2\oop\assignments & projects\btec-steam\x64\debug\oop - initial prototype.pdb
e:\uni\unidocs\year2\oop\assignments & projects\btec-steam\oop - initial prototype\x64\debug\oop - in.f10edc77.tlog\cl.command.1.tlog
e:\uni\unidocs\year2\oop\assignments & projects\btec-steam\oop - initial prototype\x64\debug\oop - in.f10edc77.tlog\cl.read.1.tlog
e:\uni\unidocs\year2\oop\assignments & projects\btec-steam\oop - initial prototype\x64\debug\oop - in.f10edc77.tlog\cl.write.1.tlog
e:\uni\unidocs\year2\oop\assignments & projects\btec-steam\oop - initial prototype\x64\debug\oop - in.f10edc77.tlog\link.command.1.tlog
e:\uni\unidocs\year2\oop\assignments & projects\btec-steam\oop - initial prototype\x64\debug\oop - in.f10edc77.tlog\link.read.1.tlog
e:\uni\unidocs\year2\oop\assignments & projects\btec-steam\oop - initial prototype\x64\debug\oop - in.f10edc77.tlog\link.write.1.tlog
