  Account.cpp
  Admin.cpp
  Application.cpp
E:\Uni\UniDocs\Year2\OOP\Assignments & Projects\BTEC-STEAM\OOP - Initial Prototype\Application.cpp(74,5): error C2143: syntax error: missing ';' before '}'
E:\Uni\UniDocs\Year2\OOP\Assignments & Projects\BTEC-STEAM\OOP - Initial Prototype\Application.cpp(76,56): error C3285: for each statement cannot operate on variables of type 'List<std::string>'
E:\Uni\UniDocs\Year2\OOP\Assignments & Projects\BTEC-STEAM\OOP - Initial Prototype\Application.cpp(78,22): error C2065: 'stuff': undeclared identifier
  Game.cpp
  LibraryItem.cpp
  ListT.cpp
  LoginUserMenu.cpp
  MainMenu.cpp
  Menu.cpp
  Player.cpp
  ProfileMenu.cpp
  Source.cpp
E:\Uni\UniDocs\Year2\OOP\Assignments & Projects\BTEC-STEAM\OOP - Initial Prototype\Source.cpp(20,104): error C2678: binary '=': no operator found which takes a left-hand operand of type 'const T' (or there is no acceptable conversion)
          with
          [
              T=std::string
          ]
C:\Program Files (x86)\Microsoft Visual Studio\2019\Community\VC\Tools\MSVC\14.28.29333\include\xstring(2881,19): message : could be 'std::basic_string<char,std::char_traits<char>,std::allocator<char>> &std::basic_string<char,std::char_traits<char>,std::allocator<char>>::operator =(const _Elem)'
          with
          [
              _Elem=char
          ]
C:\Program Files (x86)\Microsoft Visual Studio\2019\Community\VC\Tools\MSVC\14.28.29333\include\xstring(2877,19): message : or       'std::basic_string<char,std::char_traits<char>,std::allocator<char>> &std::basic_string<char,std::char_traits<char>,std::allocator<char>>::operator =(const _Elem *const )'
          with
          [
              _Elem=char
          ]
C:\Program Files (x86)\Microsoft Visual Studio\2019\Community\VC\Tools\MSVC\14.28.29333\include\xstring(2862,19): message : or       'std::basic_string<char,std::char_traits<char>,std::allocator<char>> &std::basic_string<char,std::char_traits<char>,std::allocator<char>>::operator =(const std::basic_string<char,std::char_traits<char>,std::allocator<char>> &)'
C:\Program Files (x86)\Microsoft Visual Studio\2019\Community\VC\Tools\MSVC\14.28.29333\include\xstring(2763,19): message : or       'std::basic_string<char,std::char_traits<char>,std::allocator<char>> &std::basic_string<char,std::char_traits<char>,std::allocator<char>>::operator =(std::initializer_list<_Elem>)'
          with
          [
              _Elem=char
          ]
C:\Program Files (x86)\Microsoft Visual Studio\2019\Community\VC\Tools\MSVC\14.28.29333\include\xstring(2664,19): message : or       'std::basic_string<char,std::char_traits<char>,std::allocator<char>> &std::basic_string<char,std::char_traits<char>,std::allocator<char>>::operator =(std::basic_string<char,std::char_traits<char>,std::allocator<char>> &&) noexcept(<expr>)'
E:\Uni\UniDocs\Year2\OOP\Assignments & Projects\BTEC-STEAM\OOP - Initial Prototype\Source.cpp(20,104): message : while trying to match the argument list '(const T, Game *)'
          with
          [
              T=std::string
          ]
E:\Uni\UniDocs\Year2\OOP\Assignments & Projects\BTEC-STEAM\OOP - Initial Prototype\Source.cpp(21,86): error C2678: binary '=': no operator found which takes a left-hand operand of type 'const T' (or there is no acceptable conversion)
          with
          [
              T=std::string
          ]
C:\Program Files (x86)\Microsoft Visual Studio\2019\Community\VC\Tools\MSVC\14.28.29333\include\xstring(2881,19): message : could be 'std::basic_string<char,std::char_traits<char>,std::allocator<char>> &std::basic_string<char,std::char_traits<char>,std::allocator<char>>::operator =(const _Elem)'
          with
          [
              _Elem=char
          ]
C:\Program Files (x86)\Microsoft Visual Studio\2019\Community\VC\Tools\MSVC\14.28.29333\include\xstring(2877,19): message : or       'std::basic_string<char,std::char_traits<char>,std::allocator<char>> &std::basic_string<char,std::char_traits<char>,std::allocator<char>>::operator =(const _Elem *const )'
          with
          [
              _Elem=char
          ]
C:\Program Files (x86)\Microsoft Visual Studio\2019\Community\VC\Tools\MSVC\14.28.29333\include\xstring(2862,19): message : or       'std::basic_string<char,std::char_traits<char>,std::allocator<char>> &std::basic_string<char,std::char_traits<char>,std::allocator<char>>::operator =(const std::basic_string<char,std::char_traits<char>,std::allocator<char>> &)'
C:\Program Files (x86)\Microsoft Visual Studio\2019\Community\VC\Tools\MSVC\14.28.29333\include\xstring(2763,19): message : or       'std::basic_string<char,std::char_traits<char>,std::allocator<char>> &std::basic_string<char,std::char_traits<char>,std::allocator<char>>::operator =(std::initializer_list<_Elem>)'
          with
          [
              _Elem=char
          ]
C:\Program Files (x86)\Microsoft Visual Studio\2019\Community\VC\Tools\MSVC\14.28.29333\include\xstring(2664,19): message : or       'std::basic_string<char,std::char_traits<char>,std::allocator<char>> &std::basic_string<char,std::char_traits<char>,std::allocator<char>>::operator =(std::basic_string<char,std::char_traits<char>,std::allocator<char>> &&) noexcept(<expr>)'
E:\Uni\UniDocs\Year2\OOP\Assignments & Projects\BTEC-STEAM\OOP - Initial Prototype\Source.cpp(21,86): message : while trying to match the argument list '(const T, Game *)'
          with
          [
              T=std::string
          ]
E:\Uni\UniDocs\Year2\OOP\Assignments & Projects\BTEC-STEAM\OOP - Initial Prototype\Source.cpp(22,99): error C2678: binary '=': no operator found which takes a left-hand operand of type 'const T' (or there is no acceptable conversion)
          with
          [
              T=std::string
          ]
C:\Program Files (x86)\Microsoft Visual Studio\2019\Community\VC\Tools\MSVC\14.28.29333\include\xstring(2881,19): message : could be 'std::basic_string<char,std::char_traits<char>,std::allocator<char>> &std::basic_string<char,std::char_traits<char>,std::allocator<char>>::operator =(const _Elem)'
          with
          [
              _Elem=char
          ]
C:\Program Files (x86)\Microsoft Visual Studio\2019\Community\VC\Tools\MSVC\14.28.29333\include\xstring(2877,19): message : or       'std::basic_string<char,std::char_traits<char>,std::allocator<char>> &std::basic_string<char,std::char_traits<char>,std::allocator<char>>::operator =(const _Elem *const )'
          with
          [
              _Elem=char
          ]
C:\Program Files (x86)\Microsoft Visual Studio\2019\Community\VC\Tools\MSVC\14.28.29333\include\xstring(2862,19): message : or       'std::basic_string<char,std::char_traits<char>,std::allocator<char>> &std::basic_string<char,std::char_traits<char>,std::allocator<char>>::operator =(const std::basic_string<char,std::char_traits<char>,std::allocator<char>> &)'
C:\Program Files (x86)\Microsoft Visual Studio\2019\Community\VC\Tools\MSVC\14.28.29333\include\xstring(2763,19): message : or       'std::basic_string<char,std::char_traits<char>,std::allocator<char>> &std::basic_string<char,std::char_traits<char>,std::allocator<char>>::operator =(std::initializer_list<_Elem>)'
          with
          [
              _Elem=char
          ]
C:\Program Files (x86)\Microsoft Visual Studio\2019\Community\VC\Tools\MSVC\14.28.29333\include\xstring(2664,19): message : or       'std::basic_string<char,std::char_traits<char>,std::allocator<char>> &std::basic_string<char,std::char_traits<char>,std::allocator<char>>::operator =(std::basic_string<char,std::char_traits<char>,std::allocator<char>> &&) noexcept(<expr>)'
E:\Uni\UniDocs\Year2\OOP\Assignments & Projects\BTEC-STEAM\OOP - Initial Prototype\Source.cpp(22,99): message : while trying to match the argument list '(const T, Game *)'
          with
          [
              T=std::string
          ]
E:\Uni\UniDocs\Year2\OOP\Assignments & Projects\BTEC-STEAM\OOP - Initial Prototype\Source.cpp(23,84): error C2678: binary '=': no operator found which takes a left-hand operand of type 'const T' (or there is no acceptable conversion)
          with
          [
              T=std::string
          ]
C:\Program Files (x86)\Microsoft Visual Studio\2019\Community\VC\Tools\MSVC\14.28.29333\include\xstring(2881,19): message : could be 'std::basic_string<char,std::char_traits<char>,std::allocator<char>> &std::basic_string<char,std::char_traits<char>,std::allocator<char>>::operator =(const _Elem)'
          with
          [
              _Elem=char
          ]
C:\Program Files (x86)\Microsoft Visual Studio\2019\Community\VC\Tools\MSVC\14.28.29333\include\xstring(2877,19): message : or       'std::basic_string<char,std::char_traits<char>,std::allocator<char>> &std::basic_string<char,std::char_traits<char>,std::allocator<char>>::operator =(const _Elem *const )'
          with
          [
              _Elem=char
          ]
C:\Program Files (x86)\Microsoft Visual Studio\2019\Community\VC\Tools\MSVC\14.28.29333\include\xstring(2862,19): message : or       'std::basic_string<char,std::char_traits<char>,std::allocator<char>> &std::basic_string<char,std::char_traits<char>,std::allocator<char>>::operator =(const std::basic_string<char,std::char_traits<char>,std::allocator<char>> &)'
C:\Program Files (x86)\Microsoft Visual Studio\2019\Community\VC\Tools\MSVC\14.28.29333\include\xstring(2763,19): message : or       'std::basic_string<char,std::char_traits<char>,std::allocator<char>> &std::basic_string<char,std::char_traits<char>,std::allocator<char>>::operator =(std::initializer_list<_Elem>)'
          with
          [
              _Elem=char
          ]
C:\Program Files (x86)\Microsoft Visual Studio\2019\Community\VC\Tools\MSVC\14.28.29333\include\xstring(2664,19): message : or       'std::basic_string<char,std::char_traits<char>,std::allocator<char>> &std::basic_string<char,std::char_traits<char>,std::allocator<char>>::operator =(std::basic_string<char,std::char_traits<char>,std::allocator<char>> &&) noexcept(<expr>)'
E:\Uni\UniDocs\Year2\OOP\Assignments & Projects\BTEC-STEAM\OOP - Initial Prototype\Source.cpp(23,84): message : while trying to match the argument list '(const T, Game *)'
          with
          [
              T=std::string
          ]
E:\Uni\UniDocs\Year2\OOP\Assignments & Projects\BTEC-STEAM\OOP - Initial Prototype\Source.cpp(24,98): error C2678: binary '=': no operator found which takes a left-hand operand of type 'const T' (or there is no acceptable conversion)
          with
          [
              T=std::string
          ]
C:\Program Files (x86)\Microsoft Visual Studio\2019\Community\VC\Tools\MSVC\14.28.29333\include\xstring(2881,19): message : could be 'std::basic_string<char,std::char_traits<char>,std::allocator<char>> &std::basic_string<char,std::char_traits<char>,std::allocator<char>>::operator =(const _Elem)'
          with
          [
              _Elem=char
          ]
C:\Program Files (x86)\Microsoft Visual Studio\2019\Community\VC\Tools\MSVC\14.28.29333\include\xstring(2877,19): message : or       'std::basic_string<char,std::char_traits<char>,std::allocator<char>> &std::basic_string<char,std::char_traits<char>,std::allocator<char>>::operator =(const _Elem *const )'
          with
          [
              _Elem=char
          ]
C:\Program Files (x86)\Microsoft Visual Studio\2019\Community\VC\Tools\MSVC\14.28.29333\include\xstring(2862,19): message : or       'std::basic_string<char,std::char_traits<char>,std::allocator<char>> &std::basic_string<char,std::char_traits<char>,std::allocator<char>>::operator =(const std::basic_string<char,std::char_traits<char>,std::allocator<char>> &)'
C:\Program Files (x86)\Microsoft Visual Studio\2019\Community\VC\Tools\MSVC\14.28.29333\include\xstring(2763,19): message : or       'std::basic_string<char,std::char_traits<char>,std::allocator<char>> &std::basic_string<char,std::char_traits<char>,std::allocator<char>>::operator =(std::initializer_list<_Elem>)'
          with
          [
              _Elem=char
          ]
C:\Program Files (x86)\Microsoft Visual Studio\2019\Community\VC\Tools\MSVC\14.28.29333\include\xstring(2664,19): message : or       'std::basic_string<char,std::char_traits<char>,std::allocator<char>> &std::basic_string<char,std::char_traits<char>,std::allocator<char>>::operator =(std::basic_string<char,std::char_traits<char>,std::allocator<char>> &&) noexcept(<expr>)'
E:\Uni\UniDocs\Year2\OOP\Assignments & Projects\BTEC-STEAM\OOP - Initial Prototype\Source.cpp(24,98): message : while trying to match the argument list '(const T, Game *)'
          with
          [
              T=std::string
          ]
E:\Uni\UniDocs\Year2\OOP\Assignments & Projects\BTEC-STEAM\OOP - Initial Prototype\Source.cpp(25,103): error C2678: binary '=': no operator found which takes a left-hand operand of type 'const T' (or there is no acceptable conversion)
          with
          [
              T=std::string
          ]
C:\Program Files (x86)\Microsoft Visual Studio\2019\Community\VC\Tools\MSVC\14.28.29333\include\xstring(2881,19): message : could be 'std::basic_string<char,std::char_traits<char>,std::allocator<char>> &std::basic_string<char,std::char_traits<char>,std::allocator<char>>::operator =(const _Elem)'
          with
          [
              _Elem=char
          ]
C:\Program Files (x86)\Microsoft Visual Studio\2019\Community\VC\Tools\MSVC\14.28.29333\include\xstring(2877,19): message : or       'std::basic_string<char,std::char_traits<char>,std::allocator<char>> &std::basic_string<char,std::char_traits<char>,std::allocator<char>>::operator =(const _Elem *const )'
          with
          [
              _Elem=char
          ]
C:\Program Files (x86)\Microsoft Visual Studio\2019\Community\VC\Tools\MSVC\14.28.29333\include\xstring(2862,19): message : or       'std::basic_string<char,std::char_traits<char>,std::allocator<char>> &std::basic_string<char,std::char_traits<char>,std::allocator<char>>::operator =(const std::basic_string<char,std::char_traits<char>,std::allocator<char>> &)'
C:\Program Files (x86)\Microsoft Visual Studio\2019\Community\VC\Tools\MSVC\14.28.29333\include\xstring(2763,19): message : or       'std::basic_string<char,std::char_traits<char>,std::allocator<char>> &std::basic_string<char,std::char_traits<char>,std::allocator<char>>::operator =(std::initializer_list<_Elem>)'
          with
          [
              _Elem=char
          ]
C:\Program Files (x86)\Microsoft Visual Studio\2019\Community\VC\Tools\MSVC\14.28.29333\include\xstring(2664,19): message : or       'std::basic_string<char,std::char_traits<char>,std::allocator<char>> &std::basic_string<char,std::char_traits<char>,std::allocator<char>>::operator =(std::basic_string<char,std::char_traits<char>,std::allocator<char>> &&) noexcept(<expr>)'
E:\Uni\UniDocs\Year2\OOP\Assignments & Projects\BTEC-STEAM\OOP - Initial Prototype\Source.cpp(25,103): message : while trying to match the argument list '(const T, Game *)'
          with
          [
              T=std::string
          ]
E:\Uni\UniDocs\Year2\OOP\Assignments & Projects\BTEC-STEAM\OOP - Initial Prototype\Source.cpp(26,87): error C2678: binary '=': no operator found which takes a left-hand operand of type 'const T' (or there is no acceptable conversion)
          with
          [
              T=std::string
          ]
C:\Program Files (x86)\Microsoft Visual Studio\2019\Community\VC\Tools\MSVC\14.28.29333\include\xstring(2881,19): message : could be 'std::basic_string<char,std::char_traits<char>,std::allocator<char>> &std::basic_string<char,std::char_traits<char>,std::allocator<char>>::operator =(const _Elem)'
          with
          [
              _Elem=char
          ]
C:\Program Files (x86)\Microsoft Visual Studio\2019\Community\VC\Tools\MSVC\14.28.29333\include\xstring(2877,19): message : or       'std::basic_string<char,std::char_traits<char>,std::allocator<char>> &std::basic_string<char,std::char_traits<char>,std::allocator<char>>::operator =(const _Elem *const )'
          with
          [
              _Elem=char
          ]
C:\Program Files (x86)\Microsoft Visual Studio\2019\Community\VC\Tools\MSVC\14.28.29333\include\xstring(2862,19): message : or       'std::basic_string<char,std::char_traits<char>,std::allocator<char>> &std::basic_string<char,std::char_traits<char>,std::allocator<char>>::operator =(const std::basic_string<char,std::char_traits<char>,std::allocator<char>> &)'
C:\Program Files (x86)\Microsoft Visual Studio\2019\Community\VC\Tools\MSVC\14.28.29333\include\xstring(2763,19): message : or       'std::basic_string<char,std::char_traits<char>,std::allocator<char>> &std::basic_string<char,std::char_traits<char>,std::allocator<char>>::operator =(std::initializer_list<_Elem>)'
          with
          [
              _Elem=char
          ]
C:\Program Files (x86)\Microsoft Visual Studio\2019\Community\VC\Tools\MSVC\14.28.29333\include\xstring(2664,19): message : or       'std::basic_string<char,std::char_traits<char>,std::allocator<char>> &std::basic_string<char,std::char_traits<char>,std::allocator<char>>::operator =(std::basic_string<char,std::char_traits<char>,std::allocator<char>> &&) noexcept(<expr>)'
E:\Uni\UniDocs\Year2\OOP\Assignments & Projects\BTEC-STEAM\OOP - Initial Prototype\Source.cpp(26,87): message : while trying to match the argument list '(const T, Game *)'
          with
          [
              T=std::string
          ]
E:\Uni\UniDocs\Year2\OOP\Assignments & Projects\BTEC-STEAM\OOP - Initial Prototype\Source.cpp(27,92): error C2678: binary '=': no operator found which takes a left-hand operand of type 'const T' (or there is no acceptable conversion)
          with
          [
              T=std::string
          ]
C:\Program Files (x86)\Microsoft Visual Studio\2019\Community\VC\Tools\MSVC\14.28.29333\include\xstring(2881,19): message : could be 'std::basic_string<char,std::char_traits<char>,std::allocator<char>> &std::basic_string<char,std::char_traits<char>,std::allocator<char>>::operator =(const _Elem)'
          with
          [
              _Elem=char
          ]
C:\Program Files (x86)\Microsoft Visual Studio\2019\Community\VC\Tools\MSVC\14.28.29333\include\xstring(2877,19): message : or       'std::basic_string<char,std::char_traits<char>,std::allocator<char>> &std::basic_string<char,std::char_traits<char>,std::allocator<char>>::operator =(const _Elem *const )'
          with
          [
              _Elem=char
          ]
C:\Program Files (x86)\Microsoft Visual Studio\2019\Community\VC\Tools\MSVC\14.28.29333\include\xstring(2862,19): message : or       'std::basic_string<char,std::char_traits<char>,std::allocator<char>> &std::basic_string<char,std::char_traits<char>,std::allocator<char>>::operator =(const std::basic_string<char,std::char_traits<char>,std::allocator<char>> &)'
C:\Program Files (x86)\Microsoft Visual Studio\2019\Community\VC\Tools\MSVC\14.28.29333\include\xstring(2763,19): message : or       'std::basic_string<char,std::char_traits<char>,std::allocator<char>> &std::basic_string<char,std::char_traits<char>,std::allocator<char>>::operator =(std::initializer_list<_Elem>)'
          with
          [
              _Elem=char
          ]
C:\Program Files (x86)\Microsoft Visual Studio\2019\Community\VC\Tools\MSVC\14.28.29333\include\xstring(2664,19): message : or       'std::basic_string<char,std::char_traits<char>,std::allocator<char>> &std::basic_string<char,std::char_traits<char>,std::allocator<char>>::operator =(std::basic_string<char,std::char_traits<char>,std::allocator<char>> &&) noexcept(<expr>)'
E:\Uni\UniDocs\Year2\OOP\Assignments & Projects\BTEC-STEAM\OOP - Initial Prototype\Source.cpp(27,92): message : while trying to match the argument list '(const T, Game *)'
          with
          [
              T=std::string
          ]
E:\Uni\UniDocs\Year2\OOP\Assignments & Projects\BTEC-STEAM\OOP - Initial Prototype\Source.cpp(28,93): error C2678: binary '=': no operator found which takes a left-hand operand of type 'const T' (or there is no acceptable conversion)
          with
          [
              T=std::string
          ]
C:\Program Files (x86)\Microsoft Visual Studio\2019\Community\VC\Tools\MSVC\14.28.29333\include\xstring(2881,19): message : could be 'std::basic_string<char,std::char_traits<char>,std::allocator<char>> &std::basic_string<char,std::char_traits<char>,std::allocator<char>>::operator =(const _Elem)'
          with
          [
              _Elem=char
          ]
C:\Program Files (x86)\Microsoft Visual Studio\2019\Community\VC\Tools\MSVC\14.28.29333\include\xstring(2877,19): message : or       'std::basic_string<char,std::char_traits<char>,std::allocator<char>> &std::basic_string<char,std::char_traits<char>,std::allocator<char>>::operator =(const _Elem *const )'
          with
          [
              _Elem=char
          ]
C:\Program Files (x86)\Microsoft Visual Studio\2019\Community\VC\Tools\MSVC\14.28.29333\include\xstring(2862,19): message : or       'std::basic_string<char,std::char_traits<char>,std::allocator<char>> &std::basic_string<char,std::char_traits<char>,std::allocator<char>>::operator =(const std::basic_string<char,std::char_traits<char>,std::allocator<char>> &)'
C:\Program Files (x86)\Microsoft Visual Studio\2019\Community\VC\Tools\MSVC\14.28.29333\include\xstring(2763,19): message : or       'std::basic_string<char,std::char_traits<char>,std::allocator<char>> &std::basic_string<char,std::char_traits<char>,std::allocator<char>>::operator =(std::initializer_list<_Elem>)'
          with
          [
              _Elem=char
          ]
C:\Program Files (x86)\Microsoft Visual Studio\2019\Community\VC\Tools\MSVC\14.28.29333\include\xstring(2664,19): message : or       'std::basic_string<char,std::char_traits<char>,std::allocator<char>> &std::basic_string<char,std::char_traits<char>,std::allocator<char>>::operator =(std::basic_string<char,std::char_traits<char>,std::allocator<char>> &&) noexcept(<expr>)'
E:\Uni\UniDocs\Year2\OOP\Assignments & Projects\BTEC-STEAM\OOP - Initial Prototype\Source.cpp(28,93): message : while trying to match the argument list '(const T, Game *)'
          with
          [
              T=std::string
          ]
E:\Uni\UniDocs\Year2\OOP\Assignments & Projects\BTEC-STEAM\OOP - Initial Prototype\Source.cpp(36,73): error C2664: 'LibraryItem::LibraryItem(const std::string &,Game *)': cannot convert argument 2 from 'const T' to 'Game *'
          with
          [
              T=std::string
          ]
E:\Uni\UniDocs\Year2\OOP\Assignments & Projects\BTEC-STEAM\OOP - Initial Prototype\Source.cpp(36,71): message : No user-defined-conversion operator available that can perform this conversion, or the operator cannot be called
E:\Uni\UniDocs\Year2\OOP\Assignments & Projects\BTEC-STEAM\OOP - Initial Prototype\LibraryItem.h(8,3): message : see declaration of 'LibraryItem::LibraryItem'
E:\Uni\UniDocs\Year2\OOP\Assignments & Projects\BTEC-STEAM\OOP - Initial Prototype\Source.cpp(37,73): error C2664: 'LibraryItem::LibraryItem(const std::string &,Game *)': cannot convert argument 2 from 'const T' to 'Game *'
          with
          [
              T=std::string
          ]
E:\Uni\UniDocs\Year2\OOP\Assignments & Projects\BTEC-STEAM\OOP - Initial Prototype\Source.cpp(37,71): message : No user-defined-conversion operator available that can perform this conversion, or the operator cannot be called
E:\Uni\UniDocs\Year2\OOP\Assignments & Projects\BTEC-STEAM\OOP - Initial Prototype\LibraryItem.h(8,3): message : see declaration of 'LibraryItem::LibraryItem'
E:\Uni\UniDocs\Year2\OOP\Assignments & Projects\BTEC-STEAM\OOP - Initial Prototype\Source.cpp(38,73): error C2664: 'LibraryItem::LibraryItem(const std::string &,Game *)': cannot convert argument 2 from 'const T' to 'Game *'
          with
          [
              T=std::string
          ]
E:\Uni\UniDocs\Year2\OOP\Assignments & Projects\BTEC-STEAM\OOP - Initial Prototype\Source.cpp(38,71): message : No user-defined-conversion operator available that can perform this conversion, or the operator cannot be called
E:\Uni\UniDocs\Year2\OOP\Assignments & Projects\BTEC-STEAM\OOP - Initial Prototype\LibraryItem.h(8,3): message : see declaration of 'LibraryItem::LibraryItem'
E:\Uni\UniDocs\Year2\OOP\Assignments & Projects\BTEC-STEAM\OOP - Initial Prototype\Source.cpp(39,73): error C2664: 'LibraryItem::LibraryItem(const std::string &,Game *)': cannot convert argument 2 from 'const T' to 'Game *'
          with
          [
              T=std::string
          ]
E:\Uni\UniDocs\Year2\OOP\Assignments & Projects\BTEC-STEAM\OOP - Initial Prototype\Source.cpp(39,71): message : No user-defined-conversion operator available that can perform this conversion, or the operator cannot be called
E:\Uni\UniDocs\Year2\OOP\Assignments & Projects\BTEC-STEAM\OOP - Initial Prototype\LibraryItem.h(8,3): message : see declaration of 'LibraryItem::LibraryItem'
E:\Uni\UniDocs\Year2\OOP\Assignments & Projects\BTEC-STEAM\OOP - Initial Prototype\Source.cpp(40,73): error C2664: 'LibraryItem::LibraryItem(const std::string &,Game *)': cannot convert argument 2 from 'const T' to 'Game *'
          with
          [
              T=std::string
          ]
E:\Uni\UniDocs\Year2\OOP\Assignments & Projects\BTEC-STEAM\OOP - Initial Prototype\Source.cpp(40,71): message : No user-defined-conversion operator available that can perform this conversion, or the operator cannot be called
E:\Uni\UniDocs\Year2\OOP\Assignments & Projects\BTEC-STEAM\OOP - Initial Prototype\LibraryItem.h(8,3): message : see declaration of 'LibraryItem::LibraryItem'
E:\Uni\UniDocs\Year2\OOP\Assignments & Projects\BTEC-STEAM\OOP - Initial Prototype\Source.cpp(41,73): error C2664: 'LibraryItem::LibraryItem(const std::string &,Game *)': cannot convert argument 2 from 'const T' to 'Game *'
          with
          [
              T=std::string
          ]
E:\Uni\UniDocs\Year2\OOP\Assignments & Projects\BTEC-STEAM\OOP - Initial Prototype\Source.cpp(41,71): message : No user-defined-conversion operator available that can perform this conversion, or the operator cannot be called
E:\Uni\UniDocs\Year2\OOP\Assignments & Projects\BTEC-STEAM\OOP - Initial Prototype\LibraryItem.h(8,3): message : see declaration of 'LibraryItem::LibraryItem'
  Store.cpp
E:\Uni\UniDocs\Year2\OOP\Assignments & Projects\BTEC-STEAM\OOP - Initial Prototype\Store.cpp(11,18): error C2440: 'delete': cannot convert from 'const T' to 'void*'
          with
          [
              T=std::string
          ]
E:\Uni\UniDocs\Year2\OOP\Assignments & Projects\BTEC-STEAM\OOP - Initial Prototype\Store.cpp(11,17): message : No user-defined-conversion operator available that can perform this conversion, or the operator cannot be called
  StoreMenu.cpp
  User.cpp
  Utils.cpp
  Generating Code...
E:\Uni\UniDocs\Year2\OOP\Assignments & Projects\BTEC-STEAM\OOP - Initial Prototype\LoginUserMenu.cpp(75): warning C4715: 'LoginUserMenu::HandleChoice': not all control paths return a value
